  ShaderBuilder.cpp
  JEngine.vcxproj -> C:\Users\joost\Desktop\JEngine\Debug\JEngine.exe
  Copies images, shaderfiles and assimp32.dll to the debug/release folder.
  C:\Users\joost\Desktop\JEngine\JEngine\shaderfiles\bloom.fs
  C:\Users\joost\Desktop\JEngine\JEngine\shaderfiles\bloom.vs
  C:\Users\joost\Desktop\JEngine\JEngine\shaderfiles\blur.fs
  C:\Users\joost\Desktop\JEngine\JEngine\shaderfiles\blur.vs
  C:\Users\joost\Desktop\JEngine\JEngine\shaderfiles\blur2.fs
  C:\Users\joost\Desktop\JEngine\JEngine\shaderfiles\blur2.vs
  C:\Users\joost\Desktop\JEngine\JEngine\shaderfiles\light.fs
  C:\Users\joost\Desktop\JEngine\JEngine\shaderfiles\light.vs
  C:\Users\joost\Desktop\JEngine\JEngine\shaderfiles\lighting.fs
  C:\Users\joost\Desktop\JEngine\JEngine\shaderfiles\lighting.vs
  C:\Users\joost\Desktop\JEngine\JEngine\shaderfiles\normal.fs
  C:\Users\joost\Desktop\JEngine\JEngine\shaderfiles\normal.vs
  C:\Users\joost\Desktop\JEngine\JEngine\shaderfiles\occlusion.fs
  C:\Users\joost\Desktop\JEngine\JEngine\shaderfiles\occlusion.vs
  C:\Users\joost\Desktop\JEngine\JEngine\shaderfiles\shadowDepth.fs
  C:\Users\joost\Desktop\JEngine\JEngine\shaderfiles\shadowDepth.vs
  C:\Users\joost\Desktop\JEngine\JEngine\shaderfiles\skybox.fs
  C:\Users\joost\Desktop\JEngine\JEngine\shaderfiles\skybox.vs
  C:\Users\joost\Desktop\JEngine\JEngine\shaderfiles\ssao.fs
  C:\Users\joost\Desktop\JEngine\JEngine\shaderfiles\ssao.vs
  C:\Users\joost\Desktop\JEngine\JEngine\shaderfiles\terrain.fs
  C:\Users\joost\Desktop\JEngine\JEngine\shaderfiles\terrain.gs
  C:\Users\joost\Desktop\JEngine\JEngine\shaderfiles\terrain.tesc
  C:\Users\joost\Desktop\JEngine\JEngine\shaderfiles\terrain.tese
  C:\Users\joost\Desktop\JEngine\JEngine\shaderfiles\terrain.vs
  C:\Users\joost\Desktop\JEngine\JEngine\shaderfiles\terrainEmpty.fs
  C:\Users\joost\Desktop\JEngine\JEngine\shaderfiles\volumelight.fs
  C:\Users\joost\Desktop\JEngine\JEngine\shaderfiles\volumelight.vs
  C:\Users\joost\Desktop\JEngine\JEngine\shaderfiles\water.fs
  C:\Users\joost\Desktop\JEngine\JEngine\shaderfiles\water.gs
  C:\Users\joost\Desktop\JEngine\JEngine\shaderfiles\water.tesc
  C:\Users\joost\Desktop\JEngine\JEngine\shaderfiles\water.tese
  C:\Users\joost\Desktop\JEngine\JEngine\shaderfiles\water.vs
  33 File(s) copied
  C:\Users\joost\Desktop\JEngine\JEngine\images\sphere\sphere.obj
  C:\Users\joost\Desktop\JEngine\JEngine\images\textures\2dvectormap.png
  C:\Users\joost\Desktop\JEngine\JEngine\images\textures\brownish.jpg
  C:\Users\joost\Desktop\JEngine\JEngine\images\textures\cliff.jpg
  C:\Users\joost\Desktop\JEngine\JEngine\images\textures\grass.jpg
  C:\Users\joost\Desktop\JEngine\JEngine\images\textures\snow.jpg
  C:\Users\joost\Desktop\JEngine\JEngine\images\textures\waterNormals.jpg
  7 File(s) copied
  C:\Users\joost\Desktop\JEngine\JEngine\lib\assimp\Assimp32.dll
  1 File(s) copied
